#
# There is insufficient memory for the Java Runtime Environment to continue.
# Native memory allocation (malloc) failed to allocate 2097152 bytes for AllocateHeap
# Possible reasons:
#   The system is out of physical RAM or swap space
#   The process is running with CompressedOops enabled, and the Java Heap may be blocking the growth of the native heap
# Possible solutions:
#   Reduce memory load on the system
#   Increase physical memory or swap space
#   Check if swap backing store is full
#   Decrease Java heap size (-Xmx/-Xms)
#   Decrease number of Java threads
#   Decrease Java thread stack sizes (-Xss)
#   Set larger code cache with -XX:ReservedCodeCacheSize=
#   JVM is running with Zero Based Compressed Oops mode in which the Java heap is
#     placed in the first 32GB address space. The Java Heap base address is the
#     maximum limit for the native heap growth. Please use -XX:HeapBaseMinAddress
#     to set the Java Heap base and to place the Java Heap above 32GB virtual address.
# This output file may be truncated or incomplete.
#
#  Out of Memory Error (allocation.cpp:44), pid=24492, tid=42360
#
# JRE version: OpenJDK Runtime Environment Temurin-17.0.4+8 (17.0.4+8) (build 17.0.4+8)
# Java VM: OpenJDK 64-Bit Server VM Temurin-17.0.4+8 (17.0.4+8, mixed mode, emulated-client, tiered, compressed oops, compressed class ptrs, g1 gc, windows-amd64)
# No core dump will be written. Minidumps are not enabled by default on client versions of Windows
#

---------------  S U M M A R Y ------------

Command Line: -Dsts.lsp.client=vscode -Dsts.log.file=/dev/null -XX:TieredStopAtLevel=1 -Xlog:jni+resolve=off -Dspring.config.location=file:c:\Users\snwdy\.vscode\extensions\pivotal.vscode-spring-boot-1.39.0\language-server\BOOT-INF\classes\application.properties org.springframework.ide.vscode.boot.app.BootLanguageServerBootApp

Host: Intel(R) Core(TM) i7-9750H CPU @ 2.60GHz, 12 cores, 15G,  Windows 11 , 64 bit Build 22000 (10.0.22000.708)
Time: Thu Sep 29 02:00:41 2022  Windows 11 , 64 bit Build 22000 (10.0.22000.708) elapsed time: 4639.397559 seconds (0d 1h 17m 19s)

---------------  T H R E A D  ---------------

Current thread (0x000001dca0025e60):  VMThread "VM Thread" [stack: 0x0000003815600000,0x0000003815700000] [id=42360]

Stack: [0x0000003815600000,0x0000003815700000]
Native frames: (J=compiled Java code, j=interpreted, Vv=VM code, C=native code)
V  [jvm.dll+0x67733a]
V  [jvm.dll+0x8323c4]
V  [jvm.dll+0x833b6e]
V  [jvm.dll+0x8341d3]
V  [jvm.dll+0x2455e5]
V  [jvm.dll+0xa6393]
V  [jvm.dll+0x2f5831]
V  [jvm.dll+0x2f14b0]
V  [jvm.dll+0x2d9b97]
V  [jvm.dll+0x31cca7]
V  [jvm.dll+0x83867b]
V  [jvm.dll+0x8393b4]
V  [jvm.dll+0x8398cc]
V  [jvm.dll+0x839ca4]
V  [jvm.dll+0x839d70]
V  [jvm.dll+0x7e245a]
V  [jvm.dll+0x6761c5]
C  [ucrtbase.dll+0x26c0c]
C  [KERNEL32.DLL+0x154e0]
C  [ntdll.dll+0x485b]

VM_Operation (0x00000038185fef30): G1CollectFull, mode: safepoint, requested by thread 0x000001dca2357f80


---------------  P R O C E S S  ---------------

Threads class SMR info:
_java_thread_list=0x000001dca455bee0, length=26, elements={
0x000001dca003c390, 0x000001dca003dd50, 0x000001dca00531b0, 0x000001dca0053a70,
0x000001dca0054330, 0x000001dca0054bf0, 0x000001dca009bd60, 0x000001dca00a4670,
0x000001dca02a8aa0, 0x000001dca02bd700, 0x000001dca1fd5a30, 0x000001dca2357f80,
0x000001dca2358450, 0x000001dca235be10, 0x000001dca23575e0, 0x000001dca235c2e0,
0x000001dca2356c40, 0x000001dca2358920, 0x000001dca235c7b0, 0x000001dca235e490,
0x000001dca235a130, 0x000001dca23592c0, 0x000001dca2359790, 0x000001dca2359c60,
0x000001dca235a600, 0x000001dca235aad0
}

Java Threads: ( => current thread )
  0x000001dca003c390 JavaThread "Reference Handler" daemon [_thread_blocked, id=49112, stack(0x0000003815700000,0x0000003815800000)]
  0x000001dca003dd50 JavaThread "Finalizer" daemon [_thread_blocked, id=34252, stack(0x0000003815800000,0x0000003815900000)]
  0x000001dca00531b0 JavaThread "Signal Dispatcher" daemon [_thread_blocked, id=45304, stack(0x0000003815900000,0x0000003815a00000)]
  0x000001dca0053a70 JavaThread "Attach Listener" daemon [_thread_blocked, id=34540, stack(0x0000003815a00000,0x0000003815b00000)]
  0x000001dca0054330 JavaThread "Service Thread" daemon [_thread_blocked, id=36284, stack(0x0000003815b00000,0x0000003815c00000)]
  0x000001dca0054bf0 JavaThread "Monitor Deflation Thread" daemon [_thread_blocked, id=47184, stack(0x0000003815c00000,0x0000003815d00000)]
  0x000001dca009bd60 JavaThread "C1 CompilerThread0" daemon [_thread_blocked, id=23536, stack(0x0000003815d00000,0x0000003815e00000)]
  0x000001dca00a4670 JavaThread "Sweeper thread" daemon [_thread_blocked, id=18800, stack(0x0000003815e00000,0x0000003815f00000)]
  0x000001dca02a8aa0 JavaThread "Notification Thread" daemon [_thread_blocked, id=44920, stack(0x0000003816000000,0x0000003816100000)]
  0x000001dca02bd700 JavaThread "Common-Cleaner" daemon [_thread_blocked, id=38420, stack(0x0000003816200000,0x0000003816300000)]
  0x000001dca1fd5a30 JavaThread "boundedElastic-evictor-1" daemon [_thread_blocked, id=38308, stack(0x0000003816e00000,0x0000003816f00000)]
  0x000001dca2357f80 JavaThread "pool-9-thread-1" [_thread_blocked, id=44172, stack(0x0000003818500000,0x0000003818600000)]
  0x000001dca2358450 JavaThread "LanguageServerApp-lifecycle" [_thread_blocked, id=28096, stack(0x0000003818600000,0x0000003818700000)]
  0x000001dca235be10 JavaThread "DestroyJavaVM" [_thread_blocked, id=48040, stack(0x0000003815000000,0x0000003815100000)]
  0x000001dca23575e0 JavaThread "pool-10-thread-1" [_thread_in_native, id=22416, stack(0x0000003818700000,0x0000003818800000)]
  0x000001dca235c2e0 JavaThread "Simple-Language-Server main thread" daemon [_thread_blocked, id=25504, stack(0x0000003818b00000,0x0000003818c00000)]
  0x000001dca2356c40 JavaThread "parallel-1" daemon [_thread_blocked, id=43284, stack(0x0000003818c00000,0x0000003818d00000)]
  0x000001dca2358920 JavaThread "Reconciler-1" daemon [_thread_blocked, id=47440, stack(0x0000003818d00000,0x0000003818e00000)]
  0x000001dca235c7b0 JavaThread "parallel-2" daemon [_thread_blocked, id=44080, stack(0x0000003818e00000,0x0000003818f00000)]
  0x000001dca235e490 JavaThread "pool-5-thread-1" [_thread_blocked, id=25428, stack(0x0000003819200000,0x0000003819300000)]
  0x000001dca235a130 JavaThread "parallel-3" daemon [_thread_blocked, id=17280, stack(0x0000003814d00000,0x0000003814e00000)]
  0x000001dca23592c0 JavaThread "parallel-4" daemon [_thread_blocked, id=24256, stack(0x0000003814f00000,0x0000003815000000)]
  0x000001dca2359790 JavaThread "parallel-5" daemon [_thread_blocked, id=1664, stack(0x0000003817100000,0x0000003817200000)]
  0x000001dca2359c60 JavaThread "parallel-6" daemon [_thread_blocked, id=43500, stack(0x0000003817300000,0x0000003817400000)]
  0x000001dca235a600 JavaThread "parallel-7" daemon [_thread_blocked, id=44832, stack(0x0000003817400000,0x0000003817500000)]
  0x000001dca235aad0 JavaThread "parallel-8" daemon [_thread_blocked, id=7588, stack(0x0000003817500000,0x0000003817600000)]

Other Threads:
=>0x000001dca0025e60 VMThread "VM Thread" [stack: 0x0000003815600000,0x0000003815700000] [id=42360]
  0x000001dc8d357230 WatcherThread [stack: 0x0000003816100000,0x0000003816200000] [id=13636]
  0x000001dc8d337aa0 GCTaskThread "GC Thread#0" [stack: 0x0000003815100000,0x0000003815200000] [id=40884]
  0x000001dca0b2ad70 GCTaskThread "GC Thread#1" [stack: 0x0000003816500000,0x0000003816600000] [id=48788]
  0x000001dca0b2b430 GCTaskThread "GC Thread#2" [stack: 0x0000003816600000,0x0000003816700000] [id=32036]
  0x000001dca0b2b6e0 GCTaskThread "GC Thread#3" [stack: 0x0000003816700000,0x0000003816800000] [id=19028]
  0x000001dca0b2b990 GCTaskThread "GC Thread#4" [stack: 0x0000003816800000,0x0000003816900000] [id=36304]
  0x000001dca0b2bc40 GCTaskThread "GC Thread#5" [stack: 0x0000003816900000,0x0000003816a00000] [id=24976]
  0x000001dca19c7250 GCTaskThread "GC Thread#6" [stack: 0x0000003816a00000,0x0000003816b00000] [id=43416]
  0x000001dca19c7500 GCTaskThread "GC Thread#7" [stack: 0x0000003816b00000,0x0000003816c00000] [id=22356]
  0x000001dca19c77b0 GCTaskThread "GC Thread#8" [stack: 0x0000003816c00000,0x0000003816d00000] [id=32340]
  0x000001dca19c8070 GCTaskThread "GC Thread#9" [stack: 0x0000003816d00000,0x0000003816e00000] [id=48140]
  0x000001dc8d348860 ConcurrentGCThread "G1 Main Marker" [stack: 0x0000003815200000,0x0000003815300000] [id=16496]
  0x000001dc8d34a3e0 ConcurrentGCThread "G1 Conc#0" [stack: 0x0000003815300000,0x0000003815400000] [id=33232]
  0x000001dca1c2fe60 ConcurrentGCThread "G1 Conc#1" [stack: 0x0000003816f00000,0x0000003817000000] [id=36172]
  0x000001dca1c46410 ConcurrentGCThread "G1 Conc#2" [stack: 0x0000003817000000,0x0000003817100000] [id=49828]
  0x000001dc8d39d650 ConcurrentGCThread "G1 Refine#0" [stack: 0x0000003815400000,0x0000003815500000] [id=37864]
  0x000001dca3f9ba70 ConcurrentGCThread "G1 Refine#1" [stack: 0x0000003818800000,0x0000003818900000] [id=33768]
  0x000001dca3f9bd50 ConcurrentGCThread "G1 Refine#2" [stack: 0x0000003818900000,0x0000003818a00000] [id=34228]
  0x000001dca3fd6020 ConcurrentGCThread "G1 Refine#3" [stack: 0x0000003818a00000,0x0000003818b00000] [id=45232]
  0x000001dca4114220 ConcurrentGCThread "G1 Refine#4" [stack: 0x0000003819300000,0x0000003819400000] [id=14236]
  0x000001dca3fa83c0 ConcurrentGCThread "G1 Refine#5" [stack: 0x0000003816300000,0x0000003816400000] [id=18308]
  0x000001dca0959140 ConcurrentGCThread "G1 Refine#6" [stack: 0x0000003816400000,0x0000003816500000] [id=7072]
  0x000001dc8d39de10 ConcurrentGCThread "G1 Service" [stack: 0x0000003815500000,0x0000003815600000] [id=11072]

Threads with active compile tasks:

VM state: at safepoint (normal execution)

VM Mutex/Monitor currently owned by a thread:  ([mutex/lock_event])
[0x000001dc8af9a730] Threads_lock - owner thread: 0x000001dca0025e60
[0x000001dc8b06bea0] Heap_lock - owner thread: 0x000001dca2357f80

Heap address: 0x0000000701800000, size: 4072 MB, Compressed Oops mode: Zero based, Oop shift amount: 3

CDS archive(s) not mapped
Compressed class space mapped at: 0x0000000800000000-0x0000000840000000, reserved size: 1073741824
Narrow klass base: 0x0000000800000000, Narrow klass shift: 0, Narrow klass range: 0x40000000

GC Precious Log:
 CPUs: 12 total, 12 available
 Memory: 16282M
 Large Page Support: Disabled
 NUMA Support: Disabled
 Compressed Oops: Enabled (Zero based)
 Heap Region Size: 2M
 Heap Min Capacity: 8M
 Heap Initial Capacity: 256M
 Heap Max Capacity: 4072M
 Pre-touch: Disabled
 Parallel Workers: 10
 Concurrent Workers: 3
 Concurrent Refinement Workers: 10
 Periodic GC: Disabled

Heap:
 garbage-first heap   total 96256K, used 26655K [0x0000000701800000, 0x0000000800000000)
  region size 2048K, 1 young (2048K), 0 survivors (0K)
 Metaspace       used 46245K, committed 46720K, reserved 1089536K
  class space    used 6283K, committed 6464K, reserved 1048576K

Heap Regions: E=young(eden), S=young(survivor), O=old, HS=humongous(starts), HC=humongous(continues), CS=collection set, F=free, OA=open archive, CA=closed archive, TAMS=top-at-mark-start (previous, next)
|   0|0x0000000701800000, 0x0000000701a00000, 0x0000000701a00000|100%| O|  |TAMS 0x0000000701a00000, 0x0000000701800000| Untracked 
|   1|0x0000000701a00000, 0x0000000701c00000, 0x0000000701c00000|100%| O|  |TAMS 0x0000000701c00000, 0x0000000701a00000| Untracked 
|   2|0x0000000701c00000, 0x0000000701e00000, 0x0000000701e00000|100%| O|  |TAMS 0x0000000701e00000, 0x0000000701c00000| Untracked 
|   3|0x0000000701e00000, 0x0000000702000000, 0x0000000702000000|100%| O|  |TAMS 0x0000000702000000, 0x0000000701e00000| Untracked 
|   4|0x0000000702000000, 0x00000007021ffff8, 0x0000000702200000| 99%| O|  |TAMS 0x00000007021ffff8, 0x0000000702000000| Untracked 
|   5|0x0000000702200000, 0x00000007023fffa8, 0x0000000702400000| 99%| O|  |TAMS 0x00000007023fffa8, 0x0000000702200000| Untracked 
|   6|0x0000000702400000, 0x0000000702600000, 0x0000000702600000|100%| O|  |TAMS 0x0000000702600000, 0x0000000702400000| Untracked 
|   7|0x0000000702600000, 0x00000007027d4af8, 0x0000000702800000| 91%| O|  |TAMS 0x0000000702600000, 0x0000000702600000| Untracked 
|   8|0x0000000702800000, 0x00000007029ffff0, 0x0000000702a00000| 99%| O|  |TAMS 0x00000007029ffff0, 0x0000000702800000| Untracked 
|   9|0x0000000702a00000, 0x0000000702bfffe8, 0x0000000702c00000| 99%| O|  |TAMS 0x0000000702bfffe8, 0x0000000702a00000| Untracked 
|  10|0x0000000702c00000, 0x0000000702dffff8, 0x0000000702e00000| 99%| O|  |TAMS 0x0000000702dffff8, 0x0000000702c00000| Untracked 
|  11|0x0000000702e00000, 0x0000000702fffff8, 0x0000000703000000| 99%| O|  |TAMS 0x0000000702fffff8, 0x0000000702e00000| Untracked 
|  12|0x0000000703000000, 0x00000007031fffb8, 0x0000000703200000| 99%| O|  |TAMS 0x00000007031fffb8, 0x0000000703000000| Untracked 
|  13|0x0000000703200000, 0x0000000703233580, 0x0000000703400000| 10%| O|  |TAMS 0x0000000703200000, 0x0000000703200000| Untracked 
|  14|0x0000000703400000, 0x0000000703400000, 0x0000000703600000|  0%| F|  |TAMS 0x0000000703400000, 0x0000000703400000| Untracked 
|  15|0x0000000703600000, 0x0000000703600000, 0x0000000703800000|  0%| F|  |TAMS 0x0000000703600000, 0x0000000703600000| Untracked 
|  16|0x0000000703800000, 0x0000000703800000, 0x0000000703a00000|  0%| F|  |TAMS 0x0000000703800000, 0x0000000703800000| Untracked 
|  17|0x0000000703a00000, 0x0000000703a00000, 0x0000000703c00000|  0%| F|  |TAMS 0x0000000703a00000, 0x0000000703a00000| Untracked 
|  18|0x0000000703c00000, 0x0000000703c00000, 0x0000000703e00000|  0%| F|  |TAMS 0x0000000703c00000, 0x0000000703c00000| Untracked 
|  19|0x0000000703e00000, 0x0000000703e00000, 0x0000000704000000|  0%| F|  |TAMS 0x0000000703e00000, 0x0000000703e00000| Untracked 
|  20|0x0000000704000000, 0x0000000704000000, 0x0000000704200000|  0%| F|  |TAMS 0x0000000704000000, 0x0000000704000000| Untracked 
|  21|0x0000000704200000, 0x0000000704200000, 0x0000000704400000|  0%| F|  |TAMS 0x0000000704200000, 0x0000000704200000| Untracked 
|  22|0x0000000704400000, 0x0000000704400000, 0x0000000704600000|  0%| F|  |TAMS 0x0000000704400000, 0x0000000704400000| Untracked 
|  23|0x0000000704600000, 0x0000000704600000, 0x0000000704800000|  0%| F|  |TAMS 0x0000000704600000, 0x0000000704600000| Untracked 
|  24|0x0000000704800000, 0x0000000704800000, 0x0000000704a00000|  0%| F|  |TAMS 0x0000000704800000, 0x0000000704800000| Untracked 
|  25|0x0000000704a00000, 0x0000000704a00000, 0x0000000704c00000|  0%| F|  |TAMS 0x0000000704a00000, 0x0000000704a00000| Untracked 
|  26|0x0000000704c00000, 0x0000000704c00000, 0x0000000704e00000|  0%| F|  |TAMS 0x0000000704c00000, 0x0000000704c00000| Untracked 
|  27|0x0000000704e00000, 0x0000000704e00000, 0x0000000705000000|  0%| F|  |TAMS 0x0000000704e00000, 0x0000000704e00000| Untracked 
|  28|0x0000000705000000, 0x0000000705000000, 0x0000000705200000|  0%| F|  |TAMS 0x0000000705000000, 0x0000000705000000| Untracked 
|  29|0x0000000705200000, 0x0000000705200000, 0x0000000705400000|  0%| F|  |TAMS 0x0000000705200000, 0x0000000705200000| Untracked 
|  30|0x0000000705400000, 0x0000000705400000, 0x0000000705600000|  0%| F|  |TAMS 0x0000000705400000, 0x0000000705400000| Untracked 
|  31|0x0000000705600000, 0x0000000705600000, 0x0000000705800000|  0%| F|  |TAMS 0x0000000705600000, 0x0000000705600000| Untracked 
|  32|0x0000000705800000, 0x0000000705800000, 0x0000000705a00000|  0%| F|  |TAMS 0x0000000705800000, 0x0000000705800000| Untracked 
|  33|0x0000000705a00000, 0x0000000705a00000, 0x0000000705c00000|  0%| F|  |TAMS 0x0000000705a00000, 0x0000000705a00000| Untracked 
|  34|0x0000000705c00000, 0x0000000705c00000, 0x0000000705e00000|  0%| F|  |TAMS 0x0000000705c00000, 0x0000000705c00000| Untracked 
|  35|0x0000000705e00000, 0x0000000705e00000, 0x0000000706000000|  0%| F|  |TAMS 0x0000000705e00000, 0x0000000705e00000| Untracked 
|  36|0x0000000706000000, 0x0000000706000000, 0x0000000706200000|  0%| F|  |TAMS 0x0000000706000000, 0x0000000706000000| Untracked 
|  37|0x0000000706200000, 0x0000000706200000, 0x0000000706400000|  0%| F|  |TAMS 0x0000000706200000, 0x0000000706200000| Untracked 
|  38|0x0000000706400000, 0x0000000706400000, 0x0000000706600000|  0%| F|  |TAMS 0x0000000706400000, 0x0000000706400000| Untracked 
|  39|0x0000000706600000, 0x0000000706600000, 0x0000000706800000|  0%| F|  |TAMS 0x0000000706600000, 0x0000000706600000| Untracked 
|  40|0x0000000706800000, 0x0000000706800000, 0x0000000706a00000|  0%| F|  |TAMS 0x0000000706800000, 0x0000000706800000| Untracked 
|  41|0x0000000706a00000, 0x0000000706a00000, 0x0000000706c00000|  0%| F|  |TAMS 0x0000000706a00000, 0x0000000706a00000| Untracked 
|  42|0x0000000706c00000, 0x0000000706c00000, 0x0000000706e00000|  0%| F|  |TAMS 0x0000000706c00000, 0x0000000706c00000| Untracked 
|  43|0x0000000706e00000, 0x0000000706e00000, 0x0000000707000000|  0%| F|  |TAMS 0x0000000706e00000, 0x0000000706e00000| Untracked 
|  44|0x0000000707000000, 0x0000000707000000, 0x0000000707200000|  0%| F|  |TAMS 0x0000000707000000, 0x0000000707000000| Untracked 
|  45|0x0000000707200000, 0x0000000707200000, 0x0000000707400000|  0%| F|  |TAMS 0x0000000707200000, 0x0000000707200000| Untracked 
|  46|0x0000000707400000, 0x000000070741ff58, 0x0000000707600000|  6%| E|  |TAMS 0x0000000707400000, 0x0000000707400000| Complete 

Card table byte_map: [0x000001dc93a90000,0x000001dc94290000] _byte_map_base: 0x000001dc90284000

Marking Bits (Prev, Next): (CMBitMap*) 0x000001dc8d3380f0, (CMBitMap*) 0x000001dc8d3380b0
 Prev Bits: [0x000001dc98a30000, 0x000001dc9c9d0000)
 Next Bits: [0x000001dc94a90000, 0x000001dc98a30000)

Polling page: 0x000001dc8b2b0000

Metaspace:

Usage:
  Non-class:     39.03 MB used.
      Class:      6.14 MB used.
       Both:     45.16 MB used.

Virtual space:
  Non-class space:       40.00 MB reserved,      39.31 MB ( 98%) committed,  5 nodes.
      Class space:        1.00 GB reserved,       6.31 MB ( <1%) committed,  1 nodes.
             Both:        1.04 GB reserved,      45.62 MB (  4%) committed. 

Chunk freelists:
   Non-Class:  869.00 KB
       Class:  1.62 MB
        Both:  2.47 MB

MaxMetaspaceSize: unlimited
CompressedClassSpaceSize: 1.00 GB
Initial GC threshold: 21.00 MB
Current GC threshold: 76.06 MB
CDS: off
MetaspaceReclaimPolicy: balanced
 - commit_granule_bytes: 65536.
 - commit_granule_words: 8192.
 - virtual_space_node_default_size: 1048576.
 - enlarge_chunks_in_place: 1.
 - new_chunks_are_fully_committed: 0.
 - uncommit_free_chunks: 1.
 - use_allocation_guard: 0.
 - handle_deallocations: 1.


Internal statistics:

num_allocs_failed_limit: 6.
num_arena_births: 458.
num_arena_deaths: 124.
num_vsnodes_births: 6.
num_vsnodes_deaths: 0.
num_space_committed: 730.
num_space_uncommitted: 0.
num_chunks_returned_to_freelist: 141.
num_chunks_taken_from_freelist: 1878.
num_chunk_merges: 51.
num_chunk_splits: 1322.
num_chunks_enlarged: 1042.
num_purges: 4.
num_inconsistent_stats: 0.

CodeCache: size=49152Kb used=11624Kb max_used=12916Kb free=37527Kb
 bounds [0x000001dc8ff60000, 0x000001dc90c00000, 0x000001dc92f60000]
 total_blobs=6713 nmethods=6145 adapters=495
 compilation: enabled
              stopped_count=0, restarted_count=0
 full_count=0

Compilation events (20 events):
Event: 2781.264 Thread 0x000001dca009bd60 6133       1       java.lang.ProcessImpl$2::<init> (20 bytes)
Event: 2781.265 Thread 0x000001dca009bd60 nmethod 6133 0x000001dc902e5110 code [0x000001dc902e52a0, 0x000001dc902e5418]
Event: 2781.533 Thread 0x000001dca009bd60 6134   !   1       java.io.FilterOutputStream::close (183 bytes)
Event: 2781.563 Thread 0x000001dca009bd60 nmethod 6134 0x000001dc902e3f90 code [0x000001dc902e41a0, 0x000001dc902e4698]
Event: 2781.563 Thread 0x000001dca009bd60 6139       1       java.lang.ProcessImpl$$Lambda$630/0x000000080045a3d8::run (8 bytes)
Event: 2781.563 Thread 0x000001dca009bd60 nmethod 6139 0x000001dc902e3c90 code [0x000001dc902e3e20, 0x000001dc902e3f08]
Event: 2781.563 Thread 0x000001dca009bd60 6140       1       java.lang.ProcessImpl::lambda$new$0 (6 bytes)
Event: 2781.563 Thread 0x000001dca009bd60 nmethod 6140 0x000001dc902e3990 code [0x000001dc902e3b20, 0x000001dc902e3be8]
Event: 2781.563 Thread 0x000001dca009bd60 6135   !   1       java.io.FileOutputStream::close (69 bytes)
Event: 2781.563 Thread 0x000001dca009bd60 nmethod 6135 0x000001dc902e3310 code [0x000001dc902e34e0, 0x000001dc902e3858]
Event: 2781.563 Thread 0x000001dca009bd60 6136       1       java.io.FileOutputStream$1::<init> (10 bytes)
Event: 2781.563 Thread 0x000001dca009bd60 nmethod 6136 0x000001dc902e3010 code [0x000001dc902e31a0, 0x000001dc902e32b8]
Event: 2781.563 Thread 0x000001dca009bd60 6137       1       java.io.FileOutputStream$1::close (11 bytes)
Event: 2781.563 Thread 0x000001dca009bd60 nmethod 6137 0x000001dc902e2990 code [0x000001dc902e2b40, 0x000001dc902e2e58]
Event: 4102.925 Thread 0x000001dca009bd60 6142       1       java.lang.ProcessImpl$2::run (242 bytes)
Event: 4102.925 Thread 0x000001dca009bd60 nmethod 6142 0x000001dc902e0e90 code [0x000001dc902e1140, 0x000001dc902e1f98]
Event: 4102.925 Thread 0x000001dca009bd60 6143       1       java.io.BufferedOutputStream::<init> (9 bytes)
Event: 4102.925 Thread 0x000001dca009bd60 nmethod 6143 0x000001dc902e0910 code [0x000001dc902e0aa0, 0x000001dc902e0d98]
Event: 4102.925 Thread 0x000001dca009bd60 6144       1       java.lang.ProcessImpl::waitFor (136 bytes)
Event: 4102.926 Thread 0x000001dca009bd60 nmethod 6144 0x000001dc902e0090 code [0x000001dc902e02a0, 0x000001dc902e06b8]

GC Heap History (20 events):
Event: 4536.278 GC heap before
{Heap before GC invocations=449 (full 425):
 garbage-first heap   total 96256K, used 26655K [0x0000000701800000, 0x0000000800000000)
  region size 2048K, 1 young (2048K), 0 survivors (0K)
 Metaspace       used 46245K, committed 46720K, reserved 1089536K
  class space    used 6283K, committed 6464K, reserved 1048576K
}
Event: 4536.309 GC heap after
{Heap after GC invocations=450 (full 426):
 garbage-first heap   total 96256K, used 26655K [0x0000000701800000, 0x0000000800000000)
  region size 2048K, 0 young (0K), 0 survivors (0K)
 Metaspace       used 46245K, committed 46720K, reserved 1089536K
  class space    used 6283K, committed 6464K, reserved 1048576K
}
Event: 4546.587 GC heap before
{Heap before GC invocations=450 (full 426):
 garbage-first heap   total 96256K, used 26655K [0x0000000701800000, 0x0000000800000000)
  region size 2048K, 1 young (2048K), 0 survivors (0K)
 Metaspace       used 46245K, committed 46720K, reserved 1089536K
  class space    used 6283K, committed 6464K, reserved 1048576K
}
Event: 4546.615 GC heap after
{Heap after GC invocations=451 (full 427):
 garbage-first heap   total 96256K, used 26655K [0x0000000701800000, 0x0000000800000000)
  region size 2048K, 0 young (0K), 0 survivors (0K)
 Metaspace       used 46245K, committed 46720K, reserved 1089536K
  class space    used 6283K, committed 6464K, reserved 1048576K
}
Event: 4556.944 GC heap before
{Heap before GC invocations=451 (full 427):
 garbage-first heap   total 96256K, used 26655K [0x0000000701800000, 0x0000000800000000)
  region size 2048K, 1 young (2048K), 0 survivors (0K)
 Metaspace       used 46245K, committed 46720K, reserved 1089536K
  class space    used 6283K, committed 6464K, reserved 1048576K
}
Event: 4556.971 GC heap after
{Heap after GC invocations=452 (full 428):
 garbage-first heap   total 96256K, used 26655K [0x0000000701800000, 0x0000000800000000)
  region size 2048K, 0 young (0K), 0 survivors (0K)
 Metaspace       used 46245K, committed 46720K, reserved 1089536K
  class space    used 6283K, committed 6464K, reserved 1048576K
}
Event: 4567.327 GC heap before
{Heap before GC invocations=452 (full 428):
 garbage-first heap   total 96256K, used 26655K [0x0000000701800000, 0x0000000800000000)
  region size 2048K, 1 young (2048K), 0 survivors (0K)
 Metaspace       used 46245K, committed 46720K, reserved 1089536K
  class space    used 6283K, committed 6464K, reserved 1048576K
}
Event: 4567.362 GC heap after
{Heap after GC invocations=453 (full 429):
 garbage-first heap   total 96256K, used 26655K [0x0000000701800000, 0x0000000800000000)
  region size 2048K, 0 young (0K), 0 survivors (0K)
 Metaspace       used 46245K, committed 46720K, reserved 1089536K
  class space    used 6283K, committed 6464K, reserved 1048576K
}
Event: 4577.648 GC heap before
{Heap before GC invocations=453 (full 429):
 garbage-first heap   total 96256K, used 26655K [0x0000000701800000, 0x0000000800000000)
  region size 2048K, 1 young (2048K), 0 survivors (0K)
 Metaspace       used 46245K, committed 46720K, reserved 1089536K
  class space    used 6283K, committed 6464K, reserved 1048576K
}
Event: 4577.674 GC heap after
{Heap after GC invocations=454 (full 430):
 garbage-first heap   total 96256K, used 26655K [0x0000000701800000, 0x0000000800000000)
  region size 2048K, 0 young (0K), 0 survivors (0K)
 Metaspace       used 46245K, committed 46720K, reserved 1089536K
  class space    used 6283K, committed 6464K, reserved 1048576K
}
Event: 4587.941 GC heap before
{Heap before GC invocations=454 (full 430):
 garbage-first heap   total 96256K, used 26655K [0x0000000701800000, 0x0000000800000000)
  region size 2048K, 1 young (2048K), 0 survivors (0K)
 Metaspace       used 46245K, committed 46720K, reserved 1089536K
  class space    used 6283K, committed 6464K, reserved 1048576K
}
Event: 4587.967 GC heap after
{Heap after GC invocations=455 (full 431):
 garbage-first heap   total 96256K, used 26655K [0x0000000701800000, 0x0000000800000000)
  region size 2048K, 0 young (0K), 0 survivors (0K)
 Metaspace       used 46245K, committed 46720K, reserved 1089536K
  class space    used 6283K, committed 6464K, reserved 1048576K
}
Event: 4598.240 GC heap before
{Heap before GC invocations=455 (full 431):
 garbage-first heap   total 96256K, used 26655K [0x0000000701800000, 0x0000000800000000)
  region size 2048K, 1 young (2048K), 0 survivors (0K)
 Metaspace       used 46245K, committed 46720K, reserved 1089536K
  class space    used 6283K, committed 6464K, reserved 1048576K
}
Event: 4598.266 GC heap after
{Heap after GC invocations=456 (full 432):
 garbage-first heap   total 96256K, used 26655K [0x0000000701800000, 0x0000000800000000)
  region size 2048K, 0 young (0K), 0 survivors (0K)
 Metaspace       used 46245K, committed 46720K, reserved 1089536K
  class space    used 6283K, committed 6464K, reserved 1048576K
}
Event: 4608.537 GC heap before
{Heap before GC invocations=456 (full 432):
 garbage-first heap   total 96256K, used 26655K [0x0000000701800000, 0x0000000800000000)
  region size 2048K, 1 young (2048K), 0 survivors (0K)
 Metaspace       used 46245K, committed 46720K, reserved 1089536K
  class space    used 6283K, committed 6464K, reserved 1048576K
}
Event: 4608.563 GC heap after
{Heap after GC invocations=457 (full 433):
 garbage-first heap   total 96256K, used 26655K [0x0000000701800000, 0x0000000800000000)
  region size 2048K, 0 young (0K), 0 survivors (0K)
 Metaspace       used 46245K, committed 46720K, reserved 1089536K
  class space    used 6283K, committed 6464K, reserved 1048576K
}
Event: 4619.026 GC heap before
{Heap before GC invocations=457 (full 433):
 garbage-first heap   total 96256K, used 26655K [0x0000000701800000, 0x0000000800000000)
  region size 2048K, 1 young (2048K), 0 survivors (0K)
 Metaspace       used 46245K, committed 46720K, reserved 1089536K
  class space    used 6283K, committed 6464K, reserved 1048576K
}
Event: 4619.052 GC heap after
{Heap after GC invocations=458 (full 434):
 garbage-first heap   total 96256K, used 26655K [0x0000000701800000, 0x0000000800000000)
  region size 2048K, 0 young (0K), 0 survivors (0K)
 Metaspace       used 46245K, committed 46720K, reserved 1089536K
  class space    used 6283K, committed 6464K, reserved 1048576K
}
Event: 4629.341 GC heap before
{Heap before GC invocations=458 (full 434):
 garbage-first heap   total 96256K, used 26655K [0x0000000701800000, 0x0000000800000000)
  region size 2048K, 1 young (2048K), 0 survivors (0K)
 Metaspace       used 46245K, committed 46720K, reserved 1089536K
  class space    used 6283K, committed 6464K, reserved 1048576K
}
Event: 4629.370 GC heap after
{Heap after GC invocations=459 (full 435):
 garbage-first heap   total 96256K, used 26655K [0x0000000701800000, 0x0000000800000000)
  region size 2048K, 0 young (0K), 0 survivors (0K)
 Metaspace       used 46245K, committed 46720K, reserved 1089536K
  class space    used 6283K, committed 6464K, reserved 1048576K
}

Deoptimization events (20 events):
Event: 2.320 Thread 0x000001dc8b06e7e0 DEOPT PACKING pc=0x000001dc90641e79 sp=0x00000038150fc880
Event: 2.320 Thread 0x000001dc8b06e7e0 DEOPT UNPACKING pc=0x000001dc8ffb2b43 sp=0x00000038150fbd60 mode 3
Event: 2.368 Thread 0x000001dca21b7410 DEOPT PACKING pc=0x000001dc90699f13 sp=0x00000038171fe730
Event: 2.368 Thread 0x000001dca21b7410 DEOPT UNPACKING pc=0x000001dc8ffb2b43 sp=0x00000038171fdc78 mode 3
Event: 2.513 Thread 0x000001dca22e1960 DEOPT PACKING pc=0x000001dc904b8e09 sp=0x00000038174fec60
Event: 2.513 Thread 0x000001dca22e1960 DEOPT UNPACKING pc=0x000001dc8ffb2b43 sp=0x00000038174fe0f0 mode 3
Event: 2.513 Thread 0x000001dca22fbb70 DEOPT PACKING pc=0x000001dc904b7a9f sp=0x00000038178fed30
Event: 2.513 Thread 0x000001dca22fbb70 DEOPT UNPACKING pc=0x000001dc8ffb2b43 sp=0x00000038178fe188 mode 3
Event: 2.771 Thread 0x000001dca235c2e0 DEOPT PACKING pc=0x000001dc9080566d sp=0x0000003818bfd480
Event: 2.771 Thread 0x000001dca235c2e0 DEOPT UNPACKING pc=0x000001dc8ffb2b43 sp=0x0000003818bfc998 mode 3
Event: 6.412 Thread 0x000001dca21b7410 DEOPT PACKING pc=0x000001dc904adc62 sp=0x00000038171fd7c0
Event: 6.412 Thread 0x000001dca21b7410 DEOPT UNPACKING pc=0x000001dc8ffb2b43 sp=0x00000038171fccc8 mode 3
Event: 6.708 Thread 0x000001dca21b7410 DEOPT PACKING pc=0x000001dc90bbde3c sp=0x00000038171fe030
Event: 6.708 Thread 0x000001dca21b7410 DEOPT UNPACKING pc=0x000001dc8ffb2b43 sp=0x00000038171fd528 mode 0
Event: 6.708 Thread 0x000001dca21b7410 DEOPT PACKING pc=0x000001dc90bd14b4 sp=0x00000038171fe100
Event: 6.708 Thread 0x000001dca21b7410 DEOPT UNPACKING pc=0x000001dc8ffb2b43 sp=0x00000038171fd5d8 mode 0
Event: 6.708 Thread 0x000001dca21b7410 DEOPT PACKING pc=0x000001dc90b7217c sp=0x00000038171fe1b0
Event: 6.708 Thread 0x000001dca21b7410 DEOPT UNPACKING pc=0x000001dc8ffb2b43 sp=0x00000038171fd730 mode 0
Event: 6.709 Thread 0x000001dca21b7410 DEOPT PACKING pc=0x000001dc90bad69c sp=0x00000038171fe4b0
Event: 6.709 Thread 0x000001dca21b7410 DEOPT UNPACKING pc=0x000001dc8ffb2b43 sp=0x00000038171fd940 mode 0

Classes unloaded (20 events):
Event: 163.070 Thread 0x000001dca0025e60 Unloading class 0x000000080034d400 'java/lang/invoke/LambdaForm$MH+0x000000080034d400'
Event: 163.070 Thread 0x000001dca0025e60 Unloading class 0x000000080034d000 'java/lang/invoke/LambdaForm$MH+0x000000080034d000'
Event: 163.070 Thread 0x000001dca0025e60 Unloading class 0x000000080034c800 'java/lang/invoke/LambdaForm$DMH+0x000000080034c800'
Event: 163.070 Thread 0x000001dca0025e60 Unloading class 0x000000080034c000 'java/lang/invoke/LambdaForm$DMH+0x000000080034c000'
Event: 163.070 Thread 0x000001dca0025e60 Unloading class 0x000000080020b000 'java/lang/invoke/LambdaForm$MH+0x000000080020b000'
Event: 163.070 Thread 0x000001dca0025e60 Unloading class 0x000000080020a400 'java/lang/invoke/LambdaForm$MH+0x000000080020a400'
Event: 163.070 Thread 0x000001dca0025e60 Unloading class 0x0000000800203000 'java/lang/invoke/LambdaForm$MH+0x0000000800203000'
Event: 163.070 Thread 0x000001dca0025e60 Unloading class 0x0000000800202c00 'java/lang/invoke/LambdaForm$MH+0x0000000800202c00'
Event: 163.070 Thread 0x000001dca0025e60 Unloading class 0x0000000800202800 'java/lang/invoke/LambdaForm$MH+0x0000000800202800'
Event: 163.070 Thread 0x000001dca0025e60 Unloading class 0x0000000800202400 'java/lang/invoke/LambdaForm$MH+0x0000000800202400'
Event: 163.070 Thread 0x000001dca0025e60 Unloading class 0x0000000800202000 'java/lang/invoke/LambdaForm$MH+0x0000000800202000'
Event: 163.070 Thread 0x000001dca0025e60 Unloading class 0x0000000800201800 'java/lang/invoke/LambdaForm$MH+0x0000000800201800'
Event: 163.070 Thread 0x000001dca0025e60 Unloading class 0x00000008000d2800 'java/lang/invoke/LambdaForm$MH+0x00000008000d2800'
Event: 163.070 Thread 0x000001dca0025e60 Unloading class 0x00000008000d2000 'java/lang/invoke/LambdaForm$MH+0x00000008000d2000'
Event: 163.070 Thread 0x000001dca0025e60 Unloading class 0x00000008000d1c00 'java/lang/invoke/LambdaForm$MH+0x00000008000d1c00'
Event: 163.070 Thread 0x000001dca0025e60 Unloading class 0x00000008000d1800 'java/lang/invoke/LambdaForm$MH+0x00000008000d1800'
Event: 163.070 Thread 0x000001dca0025e60 Unloading class 0x00000008000d1000 'java/lang/invoke/LambdaForm$MH+0x00000008000d1000'
Event: 163.070 Thread 0x000001dca0025e60 Unloading class 0x00000008000d0c00 'java/lang/invoke/LambdaForm$MH+0x00000008000d0c00'
Event: 163.070 Thread 0x000001dca0025e60 Unloading class 0x00000008000d0800 'java/lang/invoke/LambdaForm$MH+0x00000008000d0800'
Event: 163.070 Thread 0x000001dca0025e60 Unloading class 0x00000008000d0000 'java/lang/invoke/LambdaForm$MH+0x00000008000d0000'

Classes redefined (0 events):
No events

Internal exceptions (20 events):
Event: 6.184 Thread 0x000001dca2358df0 Exception <a 'sun/nio/fs/WindowsException'{0x0000000733dab938}> (0x0000000733dab938) 
thrown [s\src\hotspot\share\prims\jni.cpp, line 516]
Event: 6.184 Thread 0x000001dca2358df0 Exception <a 'sun/nio/fs/WindowsException'{0x0000000733dac328}> (0x0000000733dac328) 
thrown [s\src\hotspot\share\prims\jni.cpp, line 516]
Event: 6.184 Thread 0x000001dca2358df0 Exception <a 'sun/nio/fs/WindowsException'{0x0000000733dac6d0}> (0x0000000733dac6d0) 
thrown [s\src\hotspot\share\prims\jni.cpp, line 516]
Event: 6.184 Thread 0x000001dca2358df0 Exception <a 'sun/nio/fs/WindowsException'{0x0000000733dad0d0}> (0x0000000733dad0d0) 
thrown [s\src\hotspot\share\prims\jni.cpp, line 516]
Event: 6.184 Thread 0x000001dca2358df0 Exception <a 'sun/nio/fs/WindowsException'{0x0000000733dad490}> (0x0000000733dad490) 
thrown [s\src\hotspot\share\prims\jni.cpp, line 516]
Event: 6.184 Thread 0x000001dca2358df0 Exception <a 'sun/nio/fs/WindowsException'{0x0000000733dade90}> (0x0000000733dade90) 
thrown [s\src\hotspot\share\prims\jni.cpp, line 516]
Event: 6.184 Thread 0x000001dca2358df0 Exception <a 'sun/nio/fs/WindowsException'{0x0000000733dae240}> (0x0000000733dae240) 
thrown [s\src\hotspot\share\prims\jni.cpp, line 516]
Event: 6.184 Thread 0x000001dca2358df0 Exception <a 'sun/nio/fs/WindowsException'{0x0000000733daec40}> (0x0000000733daec40) 
thrown [s\src\hotspot\share\prims\jni.cpp, line 516]
Event: 6.184 Thread 0x000001dca2358df0 Exception <a 'sun/nio/fs/WindowsException'{0x0000000733daf000}> (0x0000000733daf000) 
thrown [s\src\hotspot\share\prims\jni.cpp, line 516]
Event: 6.184 Thread 0x000001dca2358df0 Exception <a 'sun/nio/fs/WindowsException'{0x0000000733dafa28}> (0x0000000733dafa28) 
thrown [s\src\hotspot\share\prims\jni.cpp, line 516]
Event: 6.184 Thread 0x000001dca2358df0 Exception <a 'sun/nio/fs/WindowsException'{0x0000000733dafe08}> (0x0000000733dafe08) 
thrown [s\src\hotspot\share\prims\jni.cpp, line 516]
Event: 6.185 Thread 0x000001dca2358df0 Exception <a 'sun/nio/fs/WindowsException'{0x0000000733db0840}> (0x0000000733db0840) 
thrown [s\src\hotspot\share\prims\jni.cpp, line 516]
Event: 6.185 Thread 0x000001dca2358df0 Exception <a 'sun/nio/fs/WindowsException'{0x0000000733db0c30}> (0x0000000733db0c30) 
thrown [s\src\hotspot\share\prims\jni.cpp, line 516]
Event: 6.185 Thread 0x000001dca2358df0 Exception <a 'sun/nio/fs/WindowsException'{0x0000000733db1658}> (0x0000000733db1658) 
thrown [s\src\hotspot\share\prims\jni.cpp, line 516]
Event: 6.185 Thread 0x000001dca2358df0 Exception <a 'sun/nio/fs/WindowsException'{0x0000000733db1a48}> (0x0000000733db1a48) 
thrown [s\src\hotspot\share\prims\jni.cpp, line 516]
Event: 152.522 Thread 0x000001dca2357f80 Exception <a 'java/lang/NoSuchMethodError'{0x0000000727f2ff98}: 'void java.lang.invoke.DirectMethodHandle$Holder.invokeStatic(java.lang.Object, long)'> (0x0000000727f2ff98) 
thrown [s\src\hotspot\share\interpreter\linkResolver.cpp, line 759]
Event: 152.523 Thread 0x000001dca2357f80 Exception <a 'java/lang/NoSuchMethodError'{0x0000000727f35340}: 'java.lang.Object java.lang.invoke.DirectMethodHandle$Holder.newInvokeSpecial(java.lang.Object, long)'> (0x0000000727f35340) 
thrown [s\src\hotspot\share\interpreter\linkResolver.cpp, line 759]
Event: 152.524 Thread 0x000001dca2357f80 Exception <a 'java/lang/NoSuchMethodError'{0x0000000727f3bc28}: 'java.lang.Object java.lang.invoke.DirectMethodHandle$Holder.invokeStatic(java.lang.Object, java.lang.Object, long, java.lang.Object)'> (0x0000000727f3bc28) 
thrown [s\src\hotspot\share\interpreter\linkResolver.cpp, line 759]
Event: 152.524 Thread 0x000001dca2357f80 Exception <a 'java/lang/NoSuchMethodError'{0x0000000727f3f6c0}: 'java.lang.Object java.lang.invoke.DirectMethodHandle$Holder.invokeStaticInit(java.lang.Object, java.lang.Object, long, java.lang.Object)'> (0x0000000727f3f6c0) 
thrown [s\src\hotspot\share\interpreter\linkResolver.cpp, line 759]
Event: 152.524 Thread 0x000001dca2357f80 Exception <a 'java/lang/NoSuchMethodError'{0x0000000727f459f0}: 'java.lang.Object java.lang.invoke.DirectMethodHandle$Holder.newInvokeSpecial(java.lang.Object, java.lang.Object, long)'> (0x0000000727f459f0) 
thrown [s\src\hotspot\share\interpreter\linkResolver.cpp, line 759]

VM Operations (20 events):
Event: 4536.309 Executing VM operation: G1CollectFull done
Event: 4546.587 Executing VM operation: G1CollectFull
Event: 4546.616 Executing VM operation: G1CollectFull done
Event: 4556.943 Executing VM operation: G1CollectFull
Event: 4556.971 Executing VM operation: G1CollectFull done
Event: 4567.327 Executing VM operation: G1CollectFull
Event: 4567.363 Executing VM operation: G1CollectFull done
Event: 4577.648 Executing VM operation: G1CollectFull
Event: 4577.674 Executing VM operation: G1CollectFull done
Event: 4587.941 Executing VM operation: G1CollectFull
Event: 4587.967 Executing VM operation: G1CollectFull done
Event: 4598.240 Executing VM operation: G1CollectFull
Event: 4598.266 Executing VM operation: G1CollectFull done
Event: 4608.537 Executing VM operation: G1CollectFull
Event: 4608.564 Executing VM operation: G1CollectFull done
Event: 4619.026 Executing VM operation: G1CollectFull
Event: 4619.052 Executing VM operation: G1CollectFull done
Event: 4629.341 Executing VM operation: G1CollectFull
Event: 4629.370 Executing VM operation: G1CollectFull done
Event: 4639.394 Executing VM operation: G1CollectFull

Events (20 events):
Event: 152.518 loading class java/lang/ProcessBuilder done
Event: 152.518 loading class java/lang/ProcessImpl
Event: 152.519 loading class java/lang/Process
Event: 152.519 loading class java/lang/Process done
Event: 152.519 loading class java/lang/ProcessImpl done
Event: 152.523 loading class java/lang/ProcessHandleImpl
Event: 152.523 loading class java/lang/ProcessHandle
Event: 152.523 loading class java/lang/ProcessHandle done
Event: 152.523 loading class java/lang/ProcessHandleImpl done
Event: 152.524 loading class java/lang/ProcessImpl$2
Event: 152.524 loading class java/lang/ProcessImpl$2 done
Event: 152.524 loading class java/lang/Process$PipeInputStream
Event: 152.524 loading class java/lang/Process$PipeInputStream done
Event: 152.526 loading class jdk/internal/event/ProcessStartEvent
Event: 152.526 loading class jdk/internal/event/ProcessStartEvent done
Event: 152.778 loading class java/io/FileOutputStream$1
Event: 152.778 loading class java/io/FileOutputStream$1 done
Event: 173.345 Thread 0x000001dca2358df0 Thread exited: 0x000001dca2358df0
Event: 173.586 Thread 0x000001dca2357ab0 Thread exited: 0x000001dca2357ab0
Event: 173.586 Thread 0x000001dca235daf0 Thread exited: 0x000001dca235daf0


Dynamic libraries:
0x00007ff6ce220000 - 0x00007ff6ce22e000 	c:\Users\snwdy\.vscode\extensions\redhat.java-1.10.0-win32-x64\jre\17.0.4-win32-x86_64\bin\java.exe
0x00007ffc8dd60000 - 0x00007ffc8df69000 	C:\WINDOWS\SYSTEM32\ntdll.dll
0x00007ffc8bfd0000 - 0x00007ffc8c08d000 	C:\WINDOWS\System32\KERNEL32.DLL
0x00007ffc8b490000 - 0x00007ffc8b80c000 	C:\WINDOWS\System32\KERNELBASE.dll
0x00007ffc8b810000 - 0x00007ffc8b921000 	C:\WINDOWS\System32\ucrtbase.dll
0x00007ffc83f20000 - 0x00007ffc83f38000 	c:\Users\snwdy\.vscode\extensions\redhat.java-1.10.0-win32-x64\jre\17.0.4-win32-x86_64\bin\jli.dll
0x00007ffc833c0000 - 0x00007ffc833d9000 	c:\Users\snwdy\.vscode\extensions\redhat.java-1.10.0-win32-x64\jre\17.0.4-win32-x86_64\bin\VCRUNTIME140.dll
0x00007ffc8be20000 - 0x00007ffc8bfcd000 	C:\WINDOWS\System32\USER32.dll
0x00007ffc8b930000 - 0x00007ffc8b956000 	C:\WINDOWS\System32\win32u.dll
0x00007ffc8dc60000 - 0x00007ffc8dc89000 	C:\WINDOWS\System32\GDI32.dll
0x00007ffc8bad0000 - 0x00007ffc8bbe9000 	C:\WINDOWS\System32\gdi32full.dll
0x00007ffc76780000 - 0x00007ffc76a25000 	C:\WINDOWS\WinSxS\amd64_microsoft.windows.common-controls_6595b64144ccf1df_6.0.22000.120_none_9d947278b86cc467\COMCTL32.dll
0x00007ffc8b240000 - 0x00007ffc8b2dd000 	C:\WINDOWS\System32\msvcp_win.dll
0x00007ffc8c290000 - 0x00007ffc8c333000 	C:\WINDOWS\System32\msvcrt.dll
0x00007ffc8cd90000 - 0x00007ffc8cdc1000 	C:\WINDOWS\System32\IMM32.DLL
0x00007ffc86300000 - 0x00007ffc8630c000 	c:\Users\snwdy\.vscode\extensions\redhat.java-1.10.0-win32-x64\jre\17.0.4-win32-x86_64\bin\vcruntime140_1.dll
0x00007ffc631b0000 - 0x00007ffc63241000 	c:\Users\snwdy\.vscode\extensions\redhat.java-1.10.0-win32-x64\jre\17.0.4-win32-x86_64\bin\msvcp140.dll
0x00007ffc20dd0000 - 0x00007ffc21a16000 	c:\Users\snwdy\.vscode\extensions\redhat.java-1.10.0-win32-x64\jre\17.0.4-win32-x86_64\bin\server\jvm.dll
0x00007ffc8cce0000 - 0x00007ffc8cd8e000 	C:\WINDOWS\System32\ADVAPI32.dll
0x00007ffc8dbc0000 - 0x00007ffc8dc5e000 	C:\WINDOWS\System32\sechost.dll
0x00007ffc8cbc0000 - 0x00007ffc8cce0000 	C:\WINDOWS\System32\RPCRT4.dll
0x00007ffc8c550000 - 0x00007ffc8c558000 	C:\WINDOWS\System32\PSAPI.DLL
0x00007ffc67d60000 - 0x00007ffc67d69000 	C:\WINDOWS\SYSTEM32\WSOCK32.dll
0x00007ffc86190000 - 0x00007ffc861c3000 	C:\WINDOWS\SYSTEM32\WINMM.dll
0x00007ffc852f0000 - 0x00007ffc852fa000 	C:\WINDOWS\SYSTEM32\VERSION.dll
0x00007ffc8c7d0000 - 0x00007ffc8c83f000 	C:\WINDOWS\System32\WS2_32.dll
0x00007ffc8a420000 - 0x00007ffc8a438000 	C:\WINDOWS\SYSTEM32\kernel.appcore.dll
0x00007ffc86260000 - 0x00007ffc8626a000 	c:\Users\snwdy\.vscode\extensions\redhat.java-1.10.0-win32-x64\jre\17.0.4-win32-x86_64\bin\jimage.dll
0x00007ffc84980000 - 0x00007ffc84ba1000 	C:\WINDOWS\SYSTEM32\DBGHELP.DLL
0x00007ffc84940000 - 0x00007ffc84971000 	C:\WINDOWS\SYSTEM32\dbgcore.DLL
0x00007ffc8b350000 - 0x00007ffc8b3cf000 	C:\WINDOWS\System32\bcryptPrimitives.dll
0x00007ffc832c0000 - 0x00007ffc832e5000 	c:\Users\snwdy\.vscode\extensions\redhat.java-1.10.0-win32-x64\jre\17.0.4-win32-x86_64\bin\java.dll
0x00007ffc7fe60000 - 0x00007ffc7fe78000 	c:\Users\snwdy\.vscode\extensions\redhat.java-1.10.0-win32-x64\jre\17.0.4-win32-x86_64\bin\zip.dll
0x00007ffc8ce00000 - 0x00007ffc8d5b8000 	C:\WINDOWS\System32\SHELL32.dll
0x00007ffc893a0000 - 0x00007ffc89c08000 	C:\WINDOWS\SYSTEM32\windows.storage.dll
0x00007ffc8c840000 - 0x00007ffc8cbb9000 	C:\WINDOWS\System32\combase.dll
0x00007ffc89230000 - 0x00007ffc89396000 	C:\WINDOWS\SYSTEM32\wintypes.dll
0x00007ffc8c340000 - 0x00007ffc8c42a000 	C:\WINDOWS\System32\SHCORE.dll
0x00007ffc8c700000 - 0x00007ffc8c75d000 	C:\WINDOWS\System32\shlwapi.dll
0x00007ffc8b170000 - 0x00007ffc8b191000 	C:\WINDOWS\SYSTEM32\profapi.dll
0x00007ffc7bd00000 - 0x00007ffc7bd19000 	C:\Users\snwdy\.vscode\extensions\redhat.java-1.10.0-win32-x64\jre\17.0.4-win32-x86_64\bin\net.dll
0x00007ffc864f0000 - 0x00007ffc865fc000 	C:\WINDOWS\SYSTEM32\WINHTTP.dll
0x00007ffc8a850000 - 0x00007ffc8a8b7000 	C:\WINDOWS\system32\mswsock.dll
0x00007ffc7a220000 - 0x00007ffc7a235000 	C:\Users\snwdy\.vscode\extensions\redhat.java-1.10.0-win32-x64\jre\17.0.4-win32-x86_64\bin\nio.dll
0x00007ffc80b00000 - 0x00007ffc80b10000 	c:\Users\snwdy\.vscode\extensions\redhat.java-1.10.0-win32-x64\jre\17.0.4-win32-x86_64\bin\verify.dll
0x00007ffc80540000 - 0x00007ffc80549000 	C:\Users\snwdy\.vscode\extensions\redhat.java-1.10.0-win32-x64\jre\17.0.4-win32-x86_64\bin\management.dll
0x00007ffc80320000 - 0x00007ffc8032b000 	C:\Users\snwdy\.vscode\extensions\redhat.java-1.10.0-win32-x64\jre\17.0.4-win32-x86_64\bin\management_ext.dll
0x00007ffc65860000 - 0x00007ffc65877000 	C:\WINDOWS\system32\napinsp.dll
0x00007ffc65190000 - 0x00007ffc651ab000 	C:\WINDOWS\system32\pnrpnsp.dll
0x00007ffc89fc0000 - 0x00007ffc8a0a8000 	C:\WINDOWS\SYSTEM32\DNSAPI.dll
0x00007ffc89f50000 - 0x00007ffc89f7d000 	C:\WINDOWS\SYSTEM32\IPHLPAPI.DLL
0x00007ffc8c7c0000 - 0x00007ffc8c7c9000 	C:\WINDOWS\System32\NSI.dll
0x00007ffc65170000 - 0x00007ffc65182000 	C:\WINDOWS\System32\winrnr.dll
0x00007ffc85330000 - 0x00007ffc85345000 	C:\WINDOWS\system32\wshbth.dll
0x00007ffc65150000 - 0x00007ffc6516f000 	C:\WINDOWS\system32\nlansp_c.dll
0x00007ffc84460000 - 0x00007ffc8446a000 	C:\Windows\System32\rasadhlp.dll
0x00007ffc85370000 - 0x00007ffc853f1000 	C:\WINDOWS\System32\fwpuclnt.dll
0x00007ffc8aa90000 - 0x00007ffc8aaa8000 	C:\WINDOWS\SYSTEM32\CRYPTSP.dll
0x00007ffc8a380000 - 0x00007ffc8a3b5000 	C:\WINDOWS\system32\rsaenh.dll
0x00007ffc8a940000 - 0x00007ffc8a969000 	C:\WINDOWS\SYSTEM32\USERENV.dll
0x00007ffc8ac20000 - 0x00007ffc8ac47000 	C:\WINDOWS\SYSTEM32\bcrypt.dll
0x00007ffc8aab0000 - 0x00007ffc8aabc000 	C:\WINDOWS\SYSTEM32\CRYPTBASE.dll
0x00007ffc864c0000 - 0x00007ffc864d9000 	C:\WINDOWS\SYSTEM32\dhcpcsvc6.DLL
0x00007ffc86aa0000 - 0x00007ffc86abe000 	C:\WINDOWS\SYSTEM32\dhcpcsvc.DLL

dbghelp: loaded successfully - version: 4.0.5 - missing functions: none
symbol engine: initialized successfully - sym options: 0x614 - pdb path: .;c:\Users\snwdy\.vscode\extensions\redhat.java-1.10.0-win32-x64\jre\17.0.4-win32-x86_64\bin;C:\WINDOWS\SYSTEM32;C:\WINDOWS\WinSxS\amd64_microsoft.windows.common-controls_6595b64144ccf1df_6.0.22000.120_none_9d947278b86cc467;c:\Users\snwdy\.vscode\extensions\redhat.java-1.10.0-win32-x64\jre\17.0.4-win32-x86_64\bin\server

VM Arguments:
jvm_args: -Dsts.lsp.client=vscode -Dsts.log.file=/dev/null -XX:TieredStopAtLevel=1 -Xlog:jni+resolve=off -Dspring.config.location=file:c:\Users\snwdy\.vscode\extensions\pivotal.vscode-spring-boot-1.39.0\language-server\BOOT-INF\classes\application.properties 
java_command: org.springframework.ide.vscode.boot.app.BootLanguageServerBootApp
java_class_path (initial): c:\Users\snwdy\.vscode\extensions\pivotal.vscode-spring-boot-1.39.0\language-server\BOOT-INF\classes;c:\Users\snwdy\.vscode\extensions\pivotal.vscode-spring-boot-1.39.0\language-server\BOOT-INF\lib\annotations-23.0.0.jar;c:\Users\snwdy\.vscode\extensions\pivotal.vscode-spring-boot-1.39.0\language-server\BOOT-INF\lib\antlr-runtime-3.5.2.jar;c:\Users\snwdy\.vscode\extensions\pivotal.vscode-spring-boot-1.39.0\language-server\BOOT-INF\lib\antlr4-4.9.3.jar;c:\Users\snwdy\.vscode\extensions\pivotal.vscode-spring-boot-1.39.0\language-server\BOOT-INF\lib\antlr4-runtime-4.9.3.jar;c:\Users\snwdy\.vscode\extensions\pivotal.vscode-spring-boot-1.39.0\language-server\BOOT-INF\lib\asm-9.3.jar;c:\Users\snwdy\.vscode\extensions\pivotal.vscode-spring-boot-1.39.0\language-server\BOOT-INF\lib\asm-analysis-9.3.jar;c:\Users\snwdy\.vscode\extensions\pivotal.vscode-spring-boot-1.39.0\language-server\BOOT-INF\lib\asm-tree-9.3.jar;c:\Users\snwdy\.vscode\extensions\pivotal.vscode-spring-boot-1.39.0\language-server\BOOT-INF\lib\asm-util-9.3.jar;c:\Users\snwdy\.vscode\extensions\pivotal.vscode-spring-boot-1.39.0\language-server\BOOT-INF\lib\byte-buddy-1.12.13.jar;c:\Users\snwdy\.vscode\extensions\pivotal.vscode-spring-boot-1.39.0\language-server\BOOT-INF\lib\caffeine-2.9.3.jar;c:\Users\snwdy\.vscode\extensions\pivotal.vscode-spring-boot-1.39.0\language-server\BOOT-INF\lib\checker-qual-3.12.0.jar;c:\Users\snwdy\.vscode\extensions\pivotal.vscode-spring-boot-1.39.0\language-server\BOOT-INF\lib\classgraph-4.8.149.jar;c:\Users\snwdy\.vscode\extensions\pivotal.vscode-spring-boot-1.39.0\language-server\BOOT-INF\lib\commons-codec-1.15.jar;c:\Users\snwdy\.vscode\extensions\pivotal.vscode-spring-boot-1.39.0\language-server\BOOT-INF\lib\commons-compress-1.21.jar;c:\Users\snwdy\.vscode\extensions\pivotal.vscode-spring-boot-1.39.0\language-server\BOOT-INF\lib\commons-exec-1.3.jar;c:\Users\snwdy\.vscode\extensions\pivotal.vscode-spring-boot-1.39.0\language-server\BOOT-INF\lib\com
Launcher Type: SUN_STANDARD

[Global flags]
     intx CICompilerCount                          = 4                                         {product} {ergonomic}
     uint ConcGCThreads                            = 3                                         {product} {ergonomic}
     uint G1ConcRefinementThreads                  = 10                                        {product} {ergonomic}
   size_t G1HeapRegionSize                         = 2097152                                   {product} {ergonomic}
    uintx GCDrainStackTargetSize                   = 64                                        {product} {ergonomic}
   size_t InitialHeapSize                          = 268435456                                 {product} {ergonomic}
   size_t MarkStackSize                            = 4194304                                   {product} {ergonomic}
   size_t MaxHeapSize                              = 4269801472                                {product} {ergonomic}
   size_t MaxNewSize                               = 2560622592                                {product} {ergonomic}
   size_t MinHeapDeltaBytes                        = 2097152                                   {product} {ergonomic}
   size_t MinHeapSize                              = 8388608                                   {product} {ergonomic}
    uintx NonProfiledCodeHeapSize                  = 0                                      {pd product} {ergonomic}
     bool ProfileInterpreter                       = false                                  {pd product} {command line}
    uintx ProfiledCodeHeapSize                     = 0                                      {pd product} {ergonomic}
   size_t SoftMaxHeapSize                          = 4269801472                             {manageable} {ergonomic}
     intx TieredStopAtLevel                        = 1                                         {product} {command line}
     bool UseCompressedClassPointers               = true                           {product lp64_product} {ergonomic}
     bool UseCompressedOops                        = true                           {product lp64_product} {ergonomic}
     bool UseG1GC                                  = true                                      {product} {ergonomic}
     bool UseLargePagesIndividualAllocation        = false                                  {pd product} {ergonomic}

Logging:
Log output configuration:
 #0: stdout all=warning,jni+resolve=off uptime,level,tags
 #1: stderr all=off uptime,level,tags

Environment Variables:
PATH=C:\Program Files\Common Files\Oracle\Java\javapath;C:\Users\snwdy\AppData\Local\Programs\Python\Python310\Scripts\;C:\Users\snwdy\AppData\Local\Programs\Python\Python310\;C:\Program Files (x86)\Python310-32\Scripts\;C:\Program Files (x86)\Python310-32\;C:\Program Files (x86)\Razer Chroma SDK\bin;C:\Program Files\Razer Chroma SDK\bin;C:\Program Files (x86)\Razer\ChromaBroadcast\bin;C:\Program Files\Razer\ChromaBroadcast\bin;C:\Windows\system32;C:\Windows;C:\Windows\System32\Wbem;C:\Windows\System32\WindowsPowerShell\v1.0\;C:\Windows\System32\OpenSSH\;C:\Program Files (x86)\Intel\Intel(R) Management Engine Components\DAL;C:\Program Files\Intel\Intel(R) Management Engine Components\DAL;C:\Users\Administrator\AppData\Local\Microsoft\WindowsApps;C:\WINDOWS\system32;C:\WINDOWS;C:\WINDOWS\System32\Wbem;C:\WINDOWS\System32\WindowsPowerShell\v1.0\;C:\WINDOWS\System32\OpenSSH\;C:\WINDOWS\system32\config\systemprofile\AppData\Local\Microsoft\WindowsApps;C:\Program Files\NVIDIA Corporation\NVIDIA NvDLISR;C:\Program Files\Git\cmd;C:\mingw64\bin;C:\ProgramData\chocolatey\bin;C:\Program Files (x86)\Yarn\bin\;C:\Users\snwdy\AppData\Roaming\nvm;C:\Program Files\nodejs;C:\Users\snwdy\anaconda3\Library\bin;C:\Hugo\bin;C:\Users\snwdy\scoop\apps\nodejs\current\bin;C:\Users\snwdy\scoop\apps\nodejs\current;C:\Users\snwdy\go\bin;C:\Users\snwdy\scoop\shims;C:\Users\snwdy\AppData\Local\Programs\Python\Python39\Scripts\;C:\Users\snwdy\AppData\Local\Programs\Python\Python39\;C:\Program Files\MySQL\MySQL Shell 8.0\bin\;C:\Users\snwdy\AppData\Local\Microsoft\WindowsApps;C:\Users\snwdy\AppData\Local\afreeca;C:\Users\snwdy\AppData\Local\Programs\Microsoft VS Code\bin;C:\Users\snwdy\AppData\Local\GitHubDesktop\bin;C:\Users\snwdy\AppData\Roaming\npm;C:\Users\snwdy\AppData\Local\Yarn\bin;C:\Users\snwdy\AppData\Roaming\nvm;C:\Program Files\nodejs;C:\Users\snwdy\anaconda3;C:\Users\snwdy\anaconda3\Library;C:\Users\snwdy\anaconda3\Scripts
USERNAME=snwdy
OS=Windows_NT
PROCESSOR_IDENTIFIER=Intel64 Family 6 Model 158 Stepping 10, GenuineIntel
TMP=C:\Users\snwdy\AppData\Local\Temp
TEMP=C:\Users\snwdy\AppData\Local\Temp



---------------  S Y S T E M  ---------------

OS:
 Windows 11 , 64 bit Build 22000 (10.0.22000.708)
OS uptime: 9 days 21:31 hours

CPU: total 12 (initial active 12) (6 cores per cpu, 2 threads per core) family 6 model 158 stepping 10 microcode 0xde, cx8, cmov, fxsr, ht, mmx, 3dnowpref, sse, sse2, sse3, ssse3, sse4.1, sse4.2, popcnt, lzcnt, tsc, tscinvbit, avx, avx2, aes, erms, clmul, bmi1, bmi2, adx, fma, vzeroupper, clflush, clflushopt

Memory: 4k page, system-wide physical 16282M (3653M free)
TotalPageFile size 24474M (AvailPageFile size 6M)
current process WorkingSet (physical memory assigned to process): 117M, peak: 1437M
current process commit charge ("private bytes"): 254M, peak: 1478M

vm_info: OpenJDK 64-Bit Server VM (17.0.4+8) for windows-amd64 JRE (17.0.4+8), built on Jul 19 2022 16:05:16 by "temurin" with MS VC++ 16.7 (VS2019)

END.
