#
# There is insufficient memory for the Java Runtime Environment to continue.
# Native memory allocation (mmap) failed to map 268435456 bytes for G1 virtual space
# Possible reasons:
#   The system is out of physical RAM or swap space
#   The process is running with CompressedOops enabled, and the Java Heap may be blocking the growth of the native heap
# Possible solutions:
#   Reduce memory load on the system
#   Increase physical memory or swap space
#   Check if swap backing store is full
#   Decrease Java heap size (-Xmx/-Xms)
#   Decrease number of Java threads
#   Decrease Java thread stack sizes (-Xss)
#   Set larger code cache with -XX:ReservedCodeCacheSize=
#   JVM is running with Zero Based Compressed Oops mode in which the Java heap is
#     placed in the first 32GB address space. The Java Heap base address is the
#     maximum limit for the native heap growth. Please use -XX:HeapBaseMinAddress
#     to set the Java Heap base and to place the Java Heap above 32GB virtual address.
# This output file may be truncated or incomplete.
#
#  Out of Memory Error (os_windows.cpp:3541), pid=34272, tid=45628
#
# JRE version:  (17.0.4+8) (build )
# Java VM: OpenJDK 64-Bit Server VM (17.0.4+8, mixed mode, emulated-client, sharing, tiered, compressed oops, compressed class ptrs, g1 gc, windows-amd64)
# No core dump will be written. Minidumps are not enabled by default on client versions of Windows
#

---------------  S U M M A R Y ------------

Command Line: -Dsts.lsp.client=vscode -Dsts.log.file=/dev/null -XX:TieredStopAtLevel=1 -Xlog:jni+resolve=off -Dspring.config.location=file:c:\Users\snwdy\.vscode\extensions\pivotal.vscode-spring-boot-1.39.0\language-server\BOOT-INF\classes\application.properties org.springframework.ide.vscode.boot.app.BootLanguageServerBootApp

Host: Intel(R) Core(TM) i7-9750H CPU @ 2.60GHz, 12 cores, 15G,  Windows 11 , 64 bit Build 22000 (10.0.22000.708)
Time: Thu Sep 29 02:00:42 2022  Windows 11 , 64 bit Build 22000 (10.0.22000.708) elapsed time: 0.011689 seconds (0d 0h 0m 0s)

---------------  T H R E A D  ---------------

Current thread (0x000001efa898bbb0):  JavaThread "Unknown thread" [_thread_in_vm, id=45628, stack(0x000000a870e00000,0x000000a870f00000)]

Stack: [0x000000a870e00000,0x000000a870f00000]
Native frames: (J=compiled Java code, j=interpreted, Vv=VM code, C=native code)
V  [jvm.dll+0x67733a]
V  [jvm.dll+0x8323c4]
V  [jvm.dll+0x833b6e]
V  [jvm.dll+0x8341d3]
V  [jvm.dll+0x2455e5]
V  [jvm.dll+0x674229]
V  [jvm.dll+0x668ab2]
V  [jvm.dll+0x30458b]
V  [jvm.dll+0x30bad6]
V  [jvm.dll+0x35ba7e]
V  [jvm.dll+0x35bcaf]
V  [jvm.dll+0x2db428]
V  [jvm.dll+0x2dc394]
V  [jvm.dll+0x803ef1]
V  [jvm.dll+0x3698d1]
V  [jvm.dll+0x7e320c]
V  [jvm.dll+0x3ec23f]
V  [jvm.dll+0x3eddc1]
C  [jli.dll+0x5277]
C  [ucrtbase.dll+0x26c0c]
C  [KERNEL32.DLL+0x154e0]
C  [ntdll.dll+0x485b]


---------------  P R O C E S S  ---------------

Threads class SMR info:
_java_thread_list=0x00007ffc218e4e98, length=0, elements={
}

Java Threads: ( => current thread )

Other Threads:
  0x000001efa89f92d0 GCTaskThread "GC Thread#0" [stack: 0x000000a870f00000,0x000000a871000000] [id=42000]
  0x000001efa8a09fa0 ConcurrentGCThread "G1 Main Marker" [stack: 0x000000a871000000,0x000000a871100000] [id=36504]
  0x000001efa8a0ba30 ConcurrentGCThread "G1 Conc#0" [stack: 0x000000a871100000,0x000000a871200000] [id=33908]

[error occurred during error reporting (printing all threads), id 0xc0000005, EXCEPTION_ACCESS_VIOLATION (0xc0000005) at pc=0x00007ffc210bbeb7]

VM state: not at safepoint (not fully initialized)

VM Mutex/Monitor currently owned by a thread:  ([mutex/lock_event])
[0x000001efa8988580] Heap_lock - owner thread: 0x000001efa898bbb0

Heap address: 0x0000000701800000, size: 4072 MB, Compressed Oops mode: Zero based, Oop shift amount: 3

CDS archive(s) mapped at: [0x0000000000000000-0x0000000000000000-0x0000000000000000), size 0, SharedBaseAddress: 0x0000000800000000, ArchiveRelocationMode: 0.
Narrow klass base: 0x0000000000000000, Narrow klass shift: 0, Narrow klass range: 0x0

GC Precious Log:
<Empty>

Heap:
 garbage-first heap   total 0K, used 0K [0x0000000701800000, 0x0000000800000000)
  region size 2048K, 0 young (0K), 0 survivors (0K)

[error occurred during error reporting (printing heap information), id 0xc0000005, EXCEPTION_ACCESS_VIOLATION (0xc0000005) at pc=0x00007ffc214a06b9]

GC Heap History (0 events):
No events

Deoptimization events (0 events):
No events

Classes unloaded (0 events):
No events

Classes redefined (0 events):
No events

Internal exceptions (0 events):
No events

VM Operations (0 events):
No events

Events (1 events):
Event: 0.008 Loaded shared library c:\Users\snwdy\.vscode\extensions\redhat.java-1.10.0-win32-x64\jre\17.0.4-win32-x86_64\bin\java.dll


Dynamic libraries:
0x00007ff6ce220000 - 0x00007ff6ce22e000 	c:\Users\snwdy\.vscode\extensions\redhat.java-1.10.0-win32-x64\jre\17.0.4-win32-x86_64\bin\java.exe
0x00007ffc8dd60000 - 0x00007ffc8df69000 	C:\WINDOWS\SYSTEM32\ntdll.dll
0x00007ffc8bfd0000 - 0x00007ffc8c08d000 	C:\WINDOWS\System32\KERNEL32.DLL
0x00007ffc8b490000 - 0x00007ffc8b80c000 	C:\WINDOWS\System32\KERNELBASE.dll
0x00007ffc8b810000 - 0x00007ffc8b921000 	C:\WINDOWS\System32\ucrtbase.dll
0x00007ffc833c0000 - 0x00007ffc833d9000 	c:\Users\snwdy\.vscode\extensions\redhat.java-1.10.0-win32-x64\jre\17.0.4-win32-x86_64\bin\VCRUNTIME140.dll
0x00007ffc83f20000 - 0x00007ffc83f38000 	c:\Users\snwdy\.vscode\extensions\redhat.java-1.10.0-win32-x64\jre\17.0.4-win32-x86_64\bin\jli.dll
0x00007ffc8be20000 - 0x00007ffc8bfcd000 	C:\WINDOWS\System32\USER32.dll
0x00007ffc8b930000 - 0x00007ffc8b956000 	C:\WINDOWS\System32\win32u.dll
0x00007ffc8dc60000 - 0x00007ffc8dc89000 	C:\WINDOWS\System32\GDI32.dll
0x00007ffc8bad0000 - 0x00007ffc8bbe9000 	C:\WINDOWS\System32\gdi32full.dll
0x00007ffc76780000 - 0x00007ffc76a25000 	C:\WINDOWS\WinSxS\amd64_microsoft.windows.common-controls_6595b64144ccf1df_6.0.22000.120_none_9d947278b86cc467\COMCTL32.dll
0x00007ffc8b240000 - 0x00007ffc8b2dd000 	C:\WINDOWS\System32\msvcp_win.dll
0x00007ffc8c290000 - 0x00007ffc8c333000 	C:\WINDOWS\System32\msvcrt.dll
0x00007ffc8cd90000 - 0x00007ffc8cdc1000 	C:\WINDOWS\System32\IMM32.DLL
0x00007ffc86300000 - 0x00007ffc8630c000 	c:\Users\snwdy\.vscode\extensions\redhat.java-1.10.0-win32-x64\jre\17.0.4-win32-x86_64\bin\vcruntime140_1.dll
0x00007ffc631b0000 - 0x00007ffc63241000 	c:\Users\snwdy\.vscode\extensions\redhat.java-1.10.0-win32-x64\jre\17.0.4-win32-x86_64\bin\msvcp140.dll
0x00007ffc20dd0000 - 0x00007ffc21a16000 	c:\Users\snwdy\.vscode\extensions\redhat.java-1.10.0-win32-x64\jre\17.0.4-win32-x86_64\bin\server\jvm.dll
0x00007ffc8cce0000 - 0x00007ffc8cd8e000 	C:\WINDOWS\System32\ADVAPI32.dll
0x00007ffc8dbc0000 - 0x00007ffc8dc5e000 	C:\WINDOWS\System32\sechost.dll
0x00007ffc8cbc0000 - 0x00007ffc8cce0000 	C:\WINDOWS\System32\RPCRT4.dll
0x00007ffc8c550000 - 0x00007ffc8c558000 	C:\WINDOWS\System32\PSAPI.DLL
0x00007ffc86190000 - 0x00007ffc861c3000 	C:\WINDOWS\SYSTEM32\WINMM.dll
0x00007ffc852f0000 - 0x00007ffc852fa000 	C:\WINDOWS\SYSTEM32\VERSION.dll
0x00007ffc67d60000 - 0x00007ffc67d69000 	C:\WINDOWS\SYSTEM32\WSOCK32.dll
0x00007ffc8c7d0000 - 0x00007ffc8c83f000 	C:\WINDOWS\System32\WS2_32.dll
0x00007ffc8a420000 - 0x00007ffc8a438000 	C:\WINDOWS\SYSTEM32\kernel.appcore.dll
0x00007ffc86260000 - 0x00007ffc8626a000 	c:\Users\snwdy\.vscode\extensions\redhat.java-1.10.0-win32-x64\jre\17.0.4-win32-x86_64\bin\jimage.dll
0x00007ffc84980000 - 0x00007ffc84ba1000 	C:\WINDOWS\SYSTEM32\DBGHELP.DLL
0x00007ffc84940000 - 0x00007ffc84971000 	C:\WINDOWS\SYSTEM32\dbgcore.DLL
0x00007ffc8b350000 - 0x00007ffc8b3cf000 	C:\WINDOWS\System32\bcryptPrimitives.dll
0x00007ffc832c0000 - 0x00007ffc832e5000 	c:\Users\snwdy\.vscode\extensions\redhat.java-1.10.0-win32-x64\jre\17.0.4-win32-x86_64\bin\java.dll

dbghelp: loaded successfully - version: 4.0.5 - missing functions: none
symbol engine: initialized successfully - sym options: 0x614 - pdb path: .;c:\Users\snwdy\.vscode\extensions\redhat.java-1.10.0-win32-x64\jre\17.0.4-win32-x86_64\bin;C:\WINDOWS\SYSTEM32;C:\WINDOWS\WinSxS\amd64_microsoft.windows.common-controls_6595b64144ccf1df_6.0.22000.120_none_9d947278b86cc467;c:\Users\snwdy\.vscode\extensions\redhat.java-1.10.0-win32-x64\jre\17.0.4-win32-x86_64\bin\server

VM Arguments:
jvm_args: -Dsts.lsp.client=vscode -Dsts.log.file=/dev/null -XX:TieredStopAtLevel=1 -Xlog:jni+resolve=off -Dspring.config.location=file:c:\Users\snwdy\.vscode\extensions\pivotal.vscode-spring-boot-1.39.0\language-server\BOOT-INF\classes\application.properties 
java_command: org.springframework.ide.vscode.boot.app.BootLanguageServerBootApp
java_class_path (initial): c:\Users\snwdy\.vscode\extensions\pivotal.vscode-spring-boot-1.39.0\language-server\BOOT-INF\classes;c:\Users\snwdy\.vscode\extensions\pivotal.vscode-spring-boot-1.39.0\language-server\BOOT-INF\lib\annotations-23.0.0.jar;c:\Users\snwdy\.vscode\extensions\pivotal.vscode-spring-boot-1.39.0\language-server\BOOT-INF\lib\antlr-runtime-3.5.2.jar;c:\Users\snwdy\.vscode\extensions\pivotal.vscode-spring-boot-1.39.0\language-server\BOOT-INF\lib\antlr4-4.9.3.jar;c:\Users\snwdy\.vscode\extensions\pivotal.vscode-spring-boot-1.39.0\language-server\BOOT-INF\lib\antlr4-runtime-4.9.3.jar;c:\Users\snwdy\.vscode\extensions\pivotal.vscode-spring-boot-1.39.0\language-server\BOOT-INF\lib\asm-9.3.jar;c:\Users\snwdy\.vscode\extensions\pivotal.vscode-spring-boot-1.39.0\language-server\BOOT-INF\lib\asm-analysis-9.3.jar;c:\Users\snwdy\.vscode\extensions\pivotal.vscode-spring-boot-1.39.0\language-server\BOOT-INF\lib\asm-tree-9.3.jar;c:\Users\snwdy\.vscode\extensions\pivotal.vscode-spring-boot-1.39.0\language-server\BOOT-INF\lib\asm-util-9.3.jar;c:\Users\snwdy\.vscode\extensions\pivotal.vscode-spring-boot-1.39.0\language-server\BOOT-INF\lib\byte-buddy-1.12.13.jar;c:\Users\snwdy\.vscode\extensions\pivotal.vscode-spring-boot-1.39.0\language-server\BOOT-INF\lib\caffeine-2.9.3.jar;c:\Users\snwdy\.vscode\extensions\pivotal.vscode-spring-boot-1.39.0\language-server\BOOT-INF\lib\checker-qual-3.12.0.jar;c:\Users\snwdy\.vscode\extensions\pivotal.vscode-spring-boot-1.39.0\language-server\BOOT-INF\lib\classgraph-4.8.149.jar;c:\Users\snwdy\.vscode\extensions\pivotal.vscode-spring-boot-1.39.0\language-server\BOOT-INF\lib\commons-codec-1.15.jar;c:\Users\snwdy\.vscode\extensions\pivotal.vscode-spring-boot-1.39.0\language-server\BOOT-INF\lib\commons-compress-1.21.jar;c:\Users\snwdy\.vscode\extensions\pivotal.vscode-spring-boot-1.39.0\language-server\BOOT-INF\lib\commons-exec-1.3.jar;c:\Users\snwdy\.vscode\extensions\pivotal.vscode-spring-boot-1.39.0\language-server\BOOT-INF\lib\com
Launcher Type: SUN_STANDARD

[Global flags]
     intx CICompilerCount                          = 4                                         {product} {ergonomic}
     uint ConcGCThreads                            = 3                                         {product} {ergonomic}
     uint G1ConcRefinementThreads                  = 10                                        {product} {ergonomic}
   size_t G1HeapRegionSize                         = 2097152                                   {product} {ergonomic}
    uintx GCDrainStackTargetSize                   = 64                                        {product} {ergonomic}
   size_t InitialHeapSize                          = 268435456                                 {product} {ergonomic}
   size_t MarkStackSize                            = 4194304                                   {product} {ergonomic}
   size_t MaxHeapSize                              = 4269801472                                {product} {ergonomic}
   size_t MinHeapDeltaBytes                        = 2097152                                   {product} {ergonomic}
   size_t MinHeapSize                              = 8388608                                   {product} {ergonomic}
    uintx NonProfiledCodeHeapSize                  = 0                                      {pd product} {ergonomic}
     bool ProfileInterpreter                       = false                                  {pd product} {command line}
    uintx ProfiledCodeHeapSize                     = 0                                      {pd product} {ergonomic}
   size_t SoftMaxHeapSize                          = 4269801472                             {manageable} {ergonomic}
     intx TieredStopAtLevel                        = 1                                         {product} {command line}
     bool UseCompressedClassPointers               = true                           {product lp64_product} {ergonomic}
     bool UseCompressedOops                        = true                           {product lp64_product} {ergonomic}
     bool UseG1GC                                  = true                                      {product} {ergonomic}
     bool UseLargePagesIndividualAllocation        = false                                  {pd product} {ergonomic}

Logging:
Log output configuration:
 #0: stdout all=warning,jni+resolve=off uptime,level,tags (reconfigured)
 #1: stderr all=off uptime,level,tags

Environment Variables:
PATH=C:\Program Files\Common Files\Oracle\Java\javapath;C:\Users\snwdy\AppData\Local\Programs\Python\Python310\Scripts\;C:\Users\snwdy\AppData\Local\Programs\Python\Python310\;C:\Program Files (x86)\Python310-32\Scripts\;C:\Program Files (x86)\Python310-32\;C:\Program Files (x86)\Razer Chroma SDK\bin;C:\Program Files\Razer Chroma SDK\bin;C:\Program Files (x86)\Razer\ChromaBroadcast\bin;C:\Program Files\Razer\ChromaBroadcast\bin;C:\Windows\system32;C:\Windows;C:\Windows\System32\Wbem;C:\Windows\System32\WindowsPowerShell\v1.0\;C:\Windows\System32\OpenSSH\;C:\Program Files (x86)\Intel\Intel(R) Management Engine Components\DAL;C:\Program Files\Intel\Intel(R) Management Engine Components\DAL;C:\Users\Administrator\AppData\Local\Microsoft\WindowsApps;C:\WINDOWS\system32;C:\WINDOWS;C:\WINDOWS\System32\Wbem;C:\WINDOWS\System32\WindowsPowerShell\v1.0\;C:\WINDOWS\System32\OpenSSH\;C:\WINDOWS\system32\config\systemprofile\AppData\Local\Microsoft\WindowsApps;C:\Program Files\NVIDIA Corporation\NVIDIA NvDLISR;C:\Program Files\Git\cmd;C:\mingw64\bin;C:\ProgramData\chocolatey\bin;C:\Program Files (x86)\Yarn\bin\;C:\Users\snwdy\AppData\Roaming\nvm;C:\Program Files\nodejs;C:\Users\snwdy\anaconda3\Library\bin;C:\Hugo\bin;C:\Users\snwdy\scoop\apps\nodejs\current\bin;C:\Users\snwdy\scoop\apps\nodejs\current;C:\Users\snwdy\go\bin;C:\Users\snwdy\scoop\shims;C:\Users\snwdy\AppData\Local\Programs\Python\Python39\Scripts\;C:\Users\snwdy\AppData\Local\Programs\Python\Python39\;C:\Program Files\MySQL\MySQL Shell 8.0\bin\;C:\Users\snwdy\AppData\Local\Microsoft\WindowsApps;C:\Users\snwdy\AppData\Local\afreeca;C:\Users\snwdy\AppData\Local\Programs\Microsoft VS Code\bin;C:\Users\snwdy\AppData\Local\GitHubDesktop\bin;C:\Users\snwdy\AppData\Roaming\npm;C:\Users\snwdy\AppData\Local\Yarn\bin;C:\Users\snwdy\AppData\Roaming\nvm;C:\Program Files\nodejs;C:\Users\snwdy\anaconda3;C:\Users\snwdy\anaconda3\Library;C:\Users\snwdy\anaconda3\Scripts
USERNAME=snwdy
OS=Windows_NT
PROCESSOR_IDENTIFIER=Intel64 Family 6 Model 158 Stepping 10, GenuineIntel
TMP=C:\Users\snwdy\AppData\Local\Temp
TEMP=C:\Users\snwdy\AppData\Local\Temp



---------------  S Y S T E M  ---------------

OS:
 Windows 11 , 64 bit Build 22000 (10.0.22000.708)
OS uptime: 9 days 21:31 hours

CPU: total 12 (initial active 12) (6 cores per cpu, 2 threads per core) family 6 model 158 stepping 10 microcode 0xde, cx8, cmov, fxsr, ht, mmx, 3dnowpref, sse, sse2, sse3, ssse3, sse4.1, sse4.2, popcnt, lzcnt, tsc, tscinvbit, avx, avx2, aes, erms, clmul, bmi1, bmi2, adx, fma, vzeroupper, clflush, clflushopt

Memory: 4k page, system-wide physical 16282M (3727M free)
TotalPageFile size 24474M (AvailPageFile size 194M)
current process WorkingSet (physical memory assigned to process): 10M, peak: 10M
current process commit charge ("private bytes"): 59M, peak: 315M

vm_info: OpenJDK 64-Bit Server VM (17.0.4+8) for windows-amd64 JRE (17.0.4+8), built on Jul 19 2022 16:05:16 by "temurin" with MS VC++ 16.7 (VS2019)

END.
